[iOS_iPhone 14 Pro Max INFO ] 2023-03-06 16:20:37.180 ServerManager:29 - Starting Appium server
[iOS_iPhone 14 Pro Max INFO ] 2023-03-06 16:20:42.783 ServerManager:38 - Appium server started
[iOS_iPhone 14 Pro Max INFO ] 2023-03-06 16:20:42.798 DriverManager:26 - Initializing Appium driver
[iOS_iPhone 14 Pro Max INFO ] 2023-03-06 16:20:42.816 PropertyManager:17 - Loading config properties
[iOS_iPhone 14 Pro Max INFO ] 2023-03-06 16:20:42.817 CapabilitiesManager:18 - Getting capabilities
[iOS_iPhone 14 Pro Max INFO ] 2023-03-06 16:20:42.824 CapabilitiesManager:45 - appUrl is /Users/juanquiceno/Documents/GitHub/AppiumBDDFramework/src/test/resources/apps/MyRNDemoApp.app
[iOS_iPhone 14 Pro Max INFO ] 2023-03-06 16:20:47.493 DriverManager:34 - Driver is initialized
[iOS_iPhone 14 Pro Max INFO ] 2023-03-06 16:20:57.586 BasePage:77 - Login with: notvaliduser
[iOS_iPhone 14 Pro Max INFO ] 2023-03-06 16:21:00.806 BasePage:77 - Password: secret_sauce
[iOS_iPhone 14 Pro Max INFO ] 2023-03-06 16:21:02.737 BasePage:59 - Press login button
[iOS_iPhone 14 Pro Max INFO ] 2023-03-06 16:21:04.573 BasePage:97 - Error text is: Provided credentials do not match any user in this service.
[iOS_iPhone 14 Pro Max INFO ] 2023-03-06 16:21:14.043 BasePage:77 - Login with: invalidUsername
[iOS_iPhone 14 Pro Max INFO ] 2023-03-06 16:21:17.384 BasePage:77 - Password: secret_sauce
[iOS_iPhone 14 Pro Max INFO ] 2023-03-06 16:21:19.316 BasePage:59 - Press login button
[iOS_iPhone 14 Pro Max INFO ] 2023-03-06 16:21:21.179 BasePage:97 - Error text is: Provided credentials do not match any user in this service.
[iOS_iPhone 14 Pro Max INFO ] 2023-03-06 16:26:20.230 ServerManager:29 - Starting Appium server
[iOS_iPhone 14 Pro Max INFO ] 2023-03-06 16:26:26.511 ServerManager:38 - Appium server started
[iOS_iPhone 14 Pro Max INFO ] 2023-03-06 16:26:26.526 DriverManager:26 - Initializing Appium driver
[iOS_iPhone 14 Pro Max INFO ] 2023-03-06 16:26:26.545 PropertyManager:17 - Loading config properties
[iOS_iPhone 14 Pro Max INFO ] 2023-03-06 16:26:26.546 CapabilitiesManager:18 - Getting capabilities
[iOS_iPhone 14 Pro Max INFO ] 2023-03-06 16:26:26.553 CapabilitiesManager:45 - appUrl is /Users/juanquiceno/Documents/GitHub/AppiumBDDFramework/src/test/resources/apps/MyRNDemoApp.app
[iOS_iPhone 14 Pro Max INFO ] 2023-03-06 16:26:31.271 DriverManager:34 - Driver is initialized
[iOS_iPhone 14 Pro Max INFO ] 2023-03-06 16:26:41.297 BasePage:77 - Login with: notvaliduser
[iOS_iPhone 14 Pro Max INFO ] 2023-03-06 16:26:44.519 BasePage:77 - Password: secret_sauce
[iOS_iPhone 14 Pro Max INFO ] 2023-03-06 16:26:46.446 BasePage:59 - Press login button
[iOS_iPhone 14 Pro Max INFO ] 2023-03-06 16:26:48.289 BasePage:97 - Error text is: Provided credentials do not match any user in this service.
[iOS_iPhone 14 Pro Max INFO ] 2023-03-06 16:26:57.979 BasePage:77 - Login with: invalidUsername
[iOS_iPhone 14 Pro Max INFO ] 2023-03-06 16:27:01.368 BasePage:77 - Password: secret_sauce
[iOS_iPhone 14 Pro Max INFO ] 2023-03-06 16:27:03.329 BasePage:59 - Press login button
[iOS_iPhone 14 Pro Max INFO ] 2023-03-06 16:27:05.178 BasePage:97 - Error text is: Provided credentials do not match any user in this service.
[iOS_iPhone 14 Pro Max INFO ] 2023-03-06 16:27:14.681 BasePage:77 - Login with: notvaliduser
[iOS_iPhone 14 Pro Max INFO ] 2023-03-06 16:27:18.004 BasePage:77 - Password: secret_sauce
[iOS_iPhone 14 Pro Max INFO ] 2023-03-06 16:27:20.024 BasePage:59 - Press login button
[iOS_iPhone 14 Pro Max INFO ] 2023-03-06 16:27:21.948 BasePage:97 - Error text is: Provided credentials do not match any user in this service.
[iOS_iPhone 14 Pro Max INFO ] 2023-03-06 16:27:31.475 BasePage:77 - Login with: invalidUsername
[iOS_iPhone 14 Pro Max INFO ] 2023-03-06 16:27:34.802 BasePage:77 - Password: secret_sauce
[iOS_iPhone 14 Pro Max INFO ] 2023-03-06 16:27:36.733 BasePage:59 - Press login button
[iOS_iPhone 14 Pro Max INFO ] 2023-03-06 16:27:38.559 BasePage:97 - Error text is: Provided credentials do not match any user in this service.
[iOS_iPhone 14 Pro Max INFO ] 2023-03-06 16:29:52.997 ServerManager:29 - Starting Appium server
[iOS_iPhone 14 Pro Max INFO ] 2023-03-06 16:29:58.756 ServerManager:38 - Appium server started
[iOS_iPhone 14 Pro Max INFO ] 2023-03-06 16:29:58.769 DriverManager:26 - Initializing Appium driver
[iOS_iPhone 14 Pro Max INFO ] 2023-03-06 16:29:58.789 PropertyManager:17 - Loading config properties
[iOS_iPhone 14 Pro Max INFO ] 2023-03-06 16:29:58.790 CapabilitiesManager:18 - Getting capabilities
[iOS_iPhone 14 Pro Max INFO ] 2023-03-06 16:29:58.797 CapabilitiesManager:45 - appUrl is /Users/juanquiceno/Documents/GitHub/AppiumBDDFramework/src/test/resources/apps/MyRNDemoApp.app
[iOS_iPhone 14 Pro Max INFO ] 2023-03-06 16:30:03.411 DriverManager:34 - Driver is initialized
[iOS_iPhone 14 Pro Max INFO ] 2023-03-06 16:30:13.498 BasePage:77 - Login with: notvaliduser
[iOS_iPhone 14 Pro Max INFO ] 2023-03-06 16:30:16.813 BasePage:77 - Password: secret_sauce
[iOS_iPhone 14 Pro Max INFO ] 2023-03-06 16:30:18.795 BasePage:59 - Press login button
[iOS_iPhone 14 Pro Max INFO ] 2023-03-06 16:30:20.726 BasePage:97 - Error text is: Provided credentials do not match any user in this service.
[iOS_iPhone 14 Pro Max INFO ] 2023-03-06 16:30:30.421 BasePage:77 - Login with: invalidUsername
[iOS_iPhone 14 Pro Max INFO ] 2023-03-06 16:30:33.862 BasePage:77 - Password: secret_sauce
[iOS_iPhone 14 Pro Max INFO ] 2023-03-06 16:30:35.809 BasePage:59 - Press login button
[iOS_iPhone 14 Pro Max INFO ] 2023-03-06 16:30:37.663 BasePage:97 - Error text is: Provided credentials do not match any user in this service.
[iOS_iPhone 14 Pro Max INFO ] 2023-03-06 16:30:47.174 BasePage:77 - Login with: notvaliduser
[iOS_iPhone 14 Pro Max INFO ] 2023-03-06 16:30:50.402 BasePage:77 - Password: secret_sauce
[iOS_iPhone 14 Pro Max INFO ] 2023-03-06 16:30:52.370 BasePage:59 - Press login button
[iOS_iPhone 14 Pro Max INFO ] 2023-03-06 16:30:54.205 BasePage:97 - Error text is: Provided credentials do not match any user in this service.
[iOS_iPhone 14 Pro Max INFO ] 2023-03-06 16:31:03.601 BasePage:77 - Login with: invalidUsername
[iOS_iPhone 14 Pro Max INFO ] 2023-03-06 16:31:06.864 BasePage:77 - Password: secret_sauce
[iOS_iPhone 14 Pro Max INFO ] 2023-03-06 16:31:08.803 BasePage:59 - Press login button
[iOS_iPhone 14 Pro Max INFO ] 2023-03-06 16:31:10.619 BasePage:97 - Error text is: Provided credentials do not match any user in this service.
[iOS_iPhone 14 Pro Max INFO ] 2023-03-06 17:11:20.464 ServerManager:29 - Starting Appium server
[iOS_iPhone 14 Pro Max INFO ] 2023-03-06 17:11:26.171 ServerManager:38 - Appium server started
[iOS_iPhone 14 Pro Max INFO ] 2023-03-06 17:11:26.180 DriverManager:26 - Initializing Appium driver
[iOS_iPhone 14 Pro Max INFO ] 2023-03-06 17:11:26.199 PropertyManager:17 - Loading config properties
[iOS_iPhone 14 Pro Max INFO ] 2023-03-06 17:11:26.200 CapabilitiesManager:18 - Getting capabilities
[iOS_iPhone 14 Pro Max INFO ] 2023-03-06 17:11:26.206 CapabilitiesManager:45 - appUrl is /Users/juanquiceno/Documents/GitHub/AppiumBDDFramework/src/test/resources/apps/MyRNDemoApp.app
[iOS_iPhone 14 Pro Max INFO ] 2023-03-06 17:11:30.853 DriverManager:34 - Driver is initialized
[iOS_iPhone 14 Pro Max INFO ] 2023-03-06 17:11:40.700 BasePage:77 - Login with: notvaliduser
[iOS_iPhone 14 Pro Max INFO ] 2023-03-06 17:11:43.874 BasePage:77 - Password: secret_sauce
[iOS_iPhone 14 Pro Max INFO ] 2023-03-06 17:11:45.803 BasePage:59 - Press login button
[iOS_iPhone 14 Pro Max INFO ] 2023-03-06 17:11:47.614 BasePage:97 - Error text is: Provided credentials do not match any user in this service.
[iOS_iPhone 14 Pro Max INFO ] 2023-03-06 17:11:57.104 BasePage:77 - Login with: invalidUsername
[iOS_iPhone 14 Pro Max INFO ] 2023-03-06 17:12:00.365 BasePage:77 - Password: secret_sauce
[iOS_iPhone 14 Pro Max INFO ] 2023-03-06 17:12:02.303 BasePage:59 - Press login button
[iOS_iPhone 14 Pro Max INFO ] 2023-03-06 17:12:04.103 BasePage:97 - Error text is: Provided credentials do not match any user in this service.
[iOS_iPhone 14 Pro Max INFO ] 2023-03-06 17:12:13.411 BasePage:77 - Login with: notvaliduser
[iOS_iPhone 14 Pro Max INFO ] 2023-03-06 17:12:16.548 BasePage:77 - Password: secret_sauce
[iOS_iPhone 14 Pro Max INFO ] 2023-03-06 17:12:18.460 BasePage:59 - Press login button
[iOS_iPhone 14 Pro Max INFO ] 2023-03-06 17:12:20.269 BasePage:97 - Error text is: Provided credentials do not match any user in this service.
[iOS_iPhone 14 Pro Max INFO ] 2023-03-06 17:12:29.530 BasePage:77 - Login with: invalidUsername
[iOS_iPhone 14 Pro Max INFO ] 2023-03-06 17:12:32.783 BasePage:77 - Password: secret_sauce
[iOS_iPhone 14 Pro Max INFO ] 2023-03-06 17:12:34.729 BasePage:59 - Press login button
[iOS_iPhone 14 Pro Max INFO ] 2023-03-06 17:12:36.550 BasePage:97 - Error text is: Provided credentials do not match any user in this service.
[iOS_iPhone 14 Pro Max INFO ] 2023-03-06 17:14:42.860 ServerManager:29 - Starting Appium server
[iOS_iPhone 14 Pro Max INFO ] 2023-03-06 17:14:46.563 ServerManager:38 - Appium server started
[iOS_iPhone 14 Pro Max INFO ] 2023-03-06 17:14:46.573 DriverManager:26 - Initializing Appium driver
[iOS_iPhone 14 Pro Max INFO ] 2023-03-06 17:14:46.586 PropertyManager:17 - Loading config properties
[iOS_iPhone 14 Pro Max INFO ] 2023-03-06 17:14:46.586 CapabilitiesManager:18 - Getting capabilities
[iOS_iPhone 14 Pro Max INFO ] 2023-03-06 17:14:46.593 CapabilitiesManager:45 - appUrl is /Users/juanquiceno/Documents/GitHub/AppiumBDDFramework/src/test/resources/apps/MyRNDemoApp.app
[iOS_iPhone 14 Pro Max INFO ] 2023-03-06 17:14:50.984 DriverManager:34 - Driver is initialized
[iOS_iPhone 14 Pro Max INFO ] 2023-03-06 17:15:00.789 BasePage:77 - Login with: notvaliduser
[iOS_iPhone 14 Pro Max INFO ] 2023-03-06 17:15:03.945 BasePage:77 - Password: secret_sauce
[iOS_iPhone 14 Pro Max INFO ] 2023-03-06 17:15:05.873 BasePage:59 - Press login button
[iOS_iPhone 14 Pro Max INFO ] 2023-03-06 17:15:07.723 BasePage:97 - Error text is: Provided credentials do not match any user in this service.
[iOS_iPhone 14 Pro Max INFO ] 2023-03-06 17:15:17.188 BasePage:77 - Login with: invalidUsername
[iOS_iPhone 14 Pro Max INFO ] 2023-03-06 17:15:20.432 BasePage:77 - Password: secret_sauce
[iOS_iPhone 14 Pro Max INFO ] 2023-03-06 17:15:22.377 BasePage:59 - Press login button
[iOS_iPhone 14 Pro Max INFO ] 2023-03-06 17:15:24.213 BasePage:97 - Error text is: Provided credentials do not match any user in this service.
[iOS_iPhone 14 Pro Max INFO ] 2023-03-06 17:15:33.739 BasePage:77 - Login with: notvaliduser
[iOS_iPhone 14 Pro Max INFO ] 2023-03-06 17:15:36.446 BasePage:77 - Password: secret_sauce
[iOS_iPhone 14 Pro Max INFO ] 2023-03-06 17:15:38.378 BasePage:59 - Press login button
[iOS_iPhone 14 Pro Max INFO ] 2023-03-06 17:15:40.199 BasePage:97 - Error text is: Provided credentials do not match any user in this service.
[iOS_iPhone 14 Pro Max INFO ] 2023-03-06 17:15:49.639 BasePage:77 - Login with: invalidUsername
[iOS_iPhone 14 Pro Max INFO ] 2023-03-06 17:15:52.891 BasePage:77 - Password: secret_sauce
[iOS_iPhone 14 Pro Max INFO ] 2023-03-06 17:15:54.828 BasePage:59 - Press login button
[iOS_iPhone 14 Pro Max INFO ] 2023-03-06 17:15:56.632 BasePage:97 - Error text is: Provided credentials do not match any user in this service.
[iOS_iPhone 14 Pro Max INFO ] 2023-03-06 17:17:53.737 ServerManager:29 - Starting Appium server
[iOS_iPhone 14 Pro Max INFO ] 2023-03-06 17:17:59.477 ServerManager:38 - Appium server started
[iOS_iPhone 14 Pro Max INFO ] 2023-03-06 17:17:59.491 DriverManager:26 - Initializing Appium driver
[iOS_iPhone 14 Pro Max INFO ] 2023-03-06 17:17:59.507 PropertyManager:17 - Loading config properties
[iOS_iPhone 14 Pro Max INFO ] 2023-03-06 17:17:59.508 CapabilitiesManager:18 - Getting capabilities
[iOS_iPhone 14 Pro Max INFO ] 2023-03-06 17:17:59.514 CapabilitiesManager:45 - appUrl is /Users/juanquiceno/Documents/GitHub/AppiumBDDFramework/src/test/resources/apps/MyRNDemoApp.app
[iOS_iPhone 14 Pro Max INFO ] 2023-03-06 17:18:03.809 DriverManager:34 - Driver is initialized
[iOS_iPhone 14 Pro Max INFO ] 2023-03-06 17:18:13.579 BasePage:77 - Login with: notvaliduser
[iOS_iPhone 14 Pro Max INFO ] 2023-03-06 17:18:16.761 BasePage:77 - Password: secret_sauce
[iOS_iPhone 14 Pro Max INFO ] 2023-03-06 17:18:18.691 BasePage:59 - Press login button
[iOS_iPhone 14 Pro Max INFO ] 2023-03-06 17:18:20.520 BasePage:97 - Error text is: Provided credentials do not match any user in this service.
[iOS_iPhone 14 Pro Max INFO ] 2023-03-06 17:18:29.831 BasePage:77 - Login with: invalidUsername
[iOS_iPhone 14 Pro Max INFO ] 2023-03-06 17:18:33.094 BasePage:77 - Password: secret_sauce
[iOS_iPhone 14 Pro Max INFO ] 2023-03-06 17:18:35.038 BasePage:59 - Press login button
[iOS_iPhone 14 Pro Max INFO ] 2023-03-06 17:18:36.845 BasePage:97 - Error text is: Provided credentials do not match any user in this service.
[iOS_iPhone 14 Pro Max INFO ] 2023-03-06 17:20:50.550 ServerManager:29 - Starting Appium server
[iOS_iPhone 14 Pro Max INFO ] 2023-03-06 17:20:54.213 ServerManager:38 - Appium server started
[iOS_iPhone 14 Pro Max INFO ] 2023-03-06 17:20:54.224 DriverManager:26 - Initializing Appium driver
[iOS_iPhone 14 Pro Max INFO ] 2023-03-06 17:20:54.236 PropertyManager:17 - Loading config properties
[iOS_iPhone 14 Pro Max INFO ] 2023-03-06 17:20:54.237 CapabilitiesManager:18 - Getting capabilities
[iOS_iPhone 14 Pro Max INFO ] 2023-03-06 17:20:54.243 CapabilitiesManager:45 - appUrl is /Users/juanquiceno/Documents/GitHub/AppiumBDDFramework/src/test/resources/apps/MyRNDemoApp.app
[iOS_iPhone 14 Pro Max INFO ] 2023-03-06 17:20:58.577 DriverManager:34 - Driver is initialized
[iOS_iPhone 14 Pro Max INFO ] 2023-03-06 17:21:08.484 BasePage:77 - Login with: notvaliduser
[iOS_iPhone 14 Pro Max INFO ] 2023-03-06 17:21:11.677 BasePage:77 - Password: secret_sauce
[iOS_iPhone 14 Pro Max INFO ] 2023-03-06 17:21:13.609 BasePage:59 - Press login button
[iOS_iPhone 14 Pro Max INFO ] 2023-03-06 17:21:15.414 BasePage:97 - Error text is: Provided credentials do not match any user in this service.
[iOS_iPhone 14 Pro Max INFO ] 2023-03-06 17:21:24.785 BasePage:77 - Login with: invalidUsername
[iOS_iPhone 14 Pro Max INFO ] 2023-03-06 17:21:28.067 BasePage:77 - Password: secret_sauce
[iOS_iPhone 14 Pro Max INFO ] 2023-03-06 17:21:29.994 BasePage:59 - Press login button
[iOS_iPhone 14 Pro Max INFO ] 2023-03-06 17:21:31.802 BasePage:97 - Error text is: Provided credentials do not match any user in this service.
[iOS_iPhone 14 Pro Max INFO ] 2023-03-06 17:25:19.727 ServerManager:29 - Starting Appium server
[iOS_iPhone 14 Pro Max INFO ] 2023-03-06 17:25:26.053 ServerManager:38 - Appium server started
[iOS_iPhone 14 Pro Max INFO ] 2023-03-06 17:25:26.067 DriverManager:26 - Initializing Appium driver
[iOS_iPhone 14 Pro Max INFO ] 2023-03-06 17:25:26.084 PropertyManager:17 - Loading config properties
[iOS_iPhone 14 Pro Max INFO ] 2023-03-06 17:25:26.085 CapabilitiesManager:18 - Getting capabilities
[iOS_iPhone 14 Pro Max INFO ] 2023-03-06 17:25:26.091 CapabilitiesManager:45 - appUrl is /Users/juanquiceno/Documents/GitHub/AppiumBDDFramework/src/test/resources/apps/MyRNDemoApp.app
[iOS_iPhone 14 Pro Max INFO ] 2023-03-06 17:25:30.702 DriverManager:34 - Driver is initialized
[iOS_iPhone 14 Pro Max INFO ] 2023-03-06 17:25:40.566 BasePage:77 - Login with: notvaliduser
[iOS_iPhone 14 Pro Max INFO ] 2023-03-06 17:25:43.295 BasePage:77 - Password: secret_sauce
[iOS_iPhone 14 Pro Max INFO ] 2023-03-06 17:25:45.231 BasePage:59 - Press login button
[iOS_iPhone 14 Pro Max INFO ] 2023-03-06 17:25:47.063 BasePage:97 - Error text is: Provided credentials do not match any user in this service.
[iOS_iPhone 14 Pro Max INFO ] 2023-03-06 17:25:56.430 BasePage:77 - Login with: invalidUsername
[iOS_iPhone 14 Pro Max INFO ] 2023-03-06 17:25:59.703 BasePage:77 - Password: secret_sauce
[iOS_iPhone 14 Pro Max INFO ] 2023-03-06 17:26:01.656 BasePage:59 - Press login button
[iOS_iPhone 14 Pro Max INFO ] 2023-03-06 17:26:03.477 BasePage:97 - Error text is: Provided credentials do not match any user in this service.
[iOS_iPhone 14 Pro Max INFO ] 2023-03-06 17:27:35.874 ServerManager:29 - Starting Appium server
[iOS_iPhone 14 Pro Max INFO ] 2023-03-06 17:27:41.969 ServerManager:38 - Appium server started
[iOS_iPhone 14 Pro Max INFO ] 2023-03-06 17:27:41.983 DriverManager:26 - Initializing Appium driver
[iOS_iPhone 14 Pro Max INFO ] 2023-03-06 17:27:42.001 PropertyManager:17 - Loading config properties
[iOS_iPhone 14 Pro Max INFO ] 2023-03-06 17:27:42.002 CapabilitiesManager:18 - Getting capabilities
[iOS_iPhone 14 Pro Max INFO ] 2023-03-06 17:27:42.007 CapabilitiesManager:45 - appUrl is /Users/juanquiceno/Documents/GitHub/AppiumBDDFramework/src/test/resources/apps/MyRNDemoApp.app
[iOS_iPhone 14 Pro Max INFO ] 2023-03-06 17:27:46.427 DriverManager:34 - Driver is initialized
[iOS_iPhone 14 Pro Max INFO ] 2023-03-06 17:27:56.309 BasePage:77 - Login with: notvaliduser
[iOS_iPhone 14 Pro Max INFO ] 2023-03-06 17:27:59.514 BasePage:77 - Password: secret_sauce
[iOS_iPhone 14 Pro Max INFO ] 2023-03-06 17:28:01.438 BasePage:59 - Press login button
[iOS_iPhone 14 Pro Max INFO ] 2023-03-06 17:28:03.300 BasePage:97 - Error text is: Provided credentials do not match any user in this service.
[iOS_iPhone 14 Pro Max INFO ] 2023-03-06 17:28:12.661 BasePage:77 - Login with: invalidUsername
[iOS_iPhone 14 Pro Max INFO ] 2023-03-06 17:28:15.927 BasePage:77 - Password: secret_sauce
[iOS_iPhone 14 Pro Max INFO ] 2023-03-06 17:28:17.855 BasePage:59 - Press login button
[iOS_iPhone 14 Pro Max INFO ] 2023-03-06 17:28:19.678 BasePage:97 - Error text is: Provided credentials do not match any user in this service.
[iOS_iPhone 14 Pro Max INFO ] 2023-03-06 17:29:20.132 ServerManager:29 - Starting Appium server
[iOS_iPhone 14 Pro Max INFO ] 2023-03-06 17:29:25.481 ServerManager:38 - Appium server started
[iOS_iPhone 14 Pro Max INFO ] 2023-03-06 17:29:25.495 DriverManager:26 - Initializing Appium driver
[iOS_iPhone 14 Pro Max INFO ] 2023-03-06 17:29:25.511 PropertyManager:17 - Loading config properties
[iOS_iPhone 14 Pro Max INFO ] 2023-03-06 17:29:25.512 CapabilitiesManager:18 - Getting capabilities
[iOS_iPhone 14 Pro Max INFO ] 2023-03-06 17:29:25.519 CapabilitiesManager:45 - appUrl is /Users/juanquiceno/Documents/GitHub/AppiumBDDFramework/src/test/resources/apps/MyRNDemoApp.app
[iOS_iPhone 14 Pro Max INFO ] 2023-03-06 17:29:29.771 DriverManager:34 - Driver is initialized
[iOS_iPhone 14 Pro Max INFO ] 2023-03-06 17:29:39.643 BasePage:77 - Login with: notvaliduser
[iOS_iPhone 14 Pro Max INFO ] 2023-03-06 17:29:42.797 BasePage:77 - Password: secret_sauce
[iOS_iPhone 14 Pro Max INFO ] 2023-03-06 17:29:44.715 BasePage:59 - Press login button
[iOS_iPhone 14 Pro Max INFO ] 2023-03-06 17:29:46.537 BasePage:97 - Error text is: Provided credentials do not match any user in this service.
[iOS_iPhone 14 Pro Max INFO ] 2023-03-06 17:29:55.794 BasePage:77 - Login with: invalidUsername
[iOS_iPhone 14 Pro Max INFO ] 2023-03-06 17:29:59.057 BasePage:77 - Password: secret_sauce
[iOS_iPhone 14 Pro Max INFO ] 2023-03-06 17:30:00.995 BasePage:59 - Press login button
[iOS_iPhone 14 Pro Max INFO ] 2023-03-06 17:30:02.798 BasePage:97 - Error text is: Provided credentials do not match any user in this service.
[iOS_iPhone 14 Pro Max INFO ] 2023-03-06 17:31:31.955 ServerManager:29 - Starting Appium server
[iOS_iPhone 14 Pro Max INFO ] 2023-03-06 17:31:35.618 ServerManager:38 - Appium server started
[iOS_iPhone 14 Pro Max INFO ] 2023-03-06 17:31:35.629 DriverManager:26 - Initializing Appium driver
[iOS_iPhone 14 Pro Max INFO ] 2023-03-06 17:31:35.642 PropertyManager:17 - Loading config properties
[iOS_iPhone 14 Pro Max INFO ] 2023-03-06 17:31:35.643 CapabilitiesManager:18 - Getting capabilities
[iOS_iPhone 14 Pro Max INFO ] 2023-03-06 17:31:35.649 CapabilitiesManager:45 - appUrl is /Users/juanquiceno/Documents/GitHub/AppiumBDDFramework/src/test/resources/apps/MyRNDemoApp.app
[iOS_iPhone 14 Pro Max INFO ] 2023-03-06 17:31:39.795 DriverManager:34 - Driver is initialized
[iOS_iPhone 14 Pro Max INFO ] 2023-03-06 17:31:49.629 BasePage:77 - Login with: notvaliduser
[iOS_iPhone 14 Pro Max INFO ] 2023-03-06 17:31:52.808 BasePage:77 - Password: secret_sauce
[iOS_iPhone 14 Pro Max INFO ] 2023-03-06 17:31:54.742 BasePage:59 - Press login button
[iOS_iPhone 14 Pro Max INFO ] 2023-03-06 17:31:56.553 BasePage:97 - Error text is: Provided credentials do not match any user in this service.
[iOS_iPhone 14 Pro Max INFO ] 2023-03-06 17:32:06.005 BasePage:77 - Login with: invalidUsername
[iOS_iPhone 14 Pro Max INFO ] 2023-03-06 17:32:09.246 BasePage:77 - Password: secret_sauce
[iOS_iPhone 14 Pro Max INFO ] 2023-03-06 17:32:11.190 BasePage:59 - Press login button
[iOS_iPhone 14 Pro Max INFO ] 2023-03-06 17:32:12.996 BasePage:97 - Error text is: Provided credentials do not match any user in this service.
